[2022-04-18 01:18:43] local.ERROR: Class 'Laravel\Ui\UiCommand' not found {"exception":"[object] (Error(code: 0): Class 'Laravel\\Ui\\UiCommand' not found at /var/www/html/vue-component-args/vendor/torrix/laravel-ui-uikit/src/Providers/UikitServiceProvider.php:14)
[stacktrace]
#0 /var/www/html/vue-component-args/vendor/laravel/framework/src/Illuminate/Container/BoundMethod.php(36): Torrix\\Providers\\UikitServiceProvider->boot()
#1 /var/www/html/vue-component-args/vendor/laravel/framework/src/Illuminate/Container/Util.php(40): Illuminate\\Container\\BoundMethod::Illuminate\\Container\\{closure}()
#2 /var/www/html/vue-component-args/vendor/laravel/framework/src/Illuminate/Container/BoundMethod.php(93): Illuminate\\Container\\Util::unwrapIfClosure()
#3 /var/www/html/vue-component-args/vendor/laravel/framework/src/Illuminate/Container/BoundMethod.php(37): Illuminate\\Container\\BoundMethod::callBoundMethod()
#4 /var/www/html/vue-component-args/vendor/laravel/framework/src/Illuminate/Container/Container.php(653): Illuminate\\Container\\BoundMethod::call()
#5 /var/www/html/vue-component-args/vendor/laravel/framework/src/Illuminate/Foundation/Application.php(924): Illuminate\\Container\\Container->call()
#6 /var/www/html/vue-component-args/vendor/laravel/framework/src/Illuminate/Foundation/Application.php(905): Illuminate\\Foundation\\Application->bootProvider()
#7 [internal function]: Illuminate\\Foundation\\Application->Illuminate\\Foundation\\{closure}()
#8 /var/www/html/vue-component-args/vendor/laravel/framework/src/Illuminate/Foundation/Application.php(906): array_walk()
#9 /var/www/html/vue-component-args/vendor/laravel/framework/src/Illuminate/Foundation/Bootstrap/BootProviders.php(17): Illuminate\\Foundation\\Application->boot()
#10 /var/www/html/vue-component-args/vendor/laravel/framework/src/Illuminate/Foundation/Application.php(237): Illuminate\\Foundation\\Bootstrap\\BootProviders->bootstrap()
#11 /var/www/html/vue-component-args/vendor/laravel/framework/src/Illuminate/Foundation/Console/Kernel.php(310): Illuminate\\Foundation\\Application->bootstrapWith()
#12 /var/www/html/vue-component-args/vendor/laravel/framework/src/Illuminate/Foundation/Console/Kernel.php(127): Illuminate\\Foundation\\Console\\Kernel->bootstrap()
#13 /var/www/html/vue-component-args/artisan(37): Illuminate\\Foundation\\Console\\Kernel->handle()
#14 {main}
"} 
[2022-04-18 01:22:33] local.ERROR: copy(/var/www/html/vue-component-args/resources/sass/app.scss): failed to open stream: No such file or directory {"exception":"[object] (ErrorException(code: 0): copy(/var/www/html/vue-component-args/resources/sass/app.scss): failed to open stream: No such file or directory at /var/www/html/vue-component-args/vendor/torrix/laravel-ui-uikit/src/Presets/Uikit.php:63)
[stacktrace]
#0 [internal function]: Illuminate\\Foundation\\Bootstrap\\HandleExceptions->handleError()
#1 /var/www/html/vue-component-args/vendor/torrix/laravel-ui-uikit/src/Presets/Uikit.php(63): copy()
#2 /var/www/html/vue-component-args/vendor/torrix/laravel-ui-uikit/src/Presets/Uikit.php(32): Torrix\\Presets\\Uikit::updateSass()
#3 /var/www/html/vue-component-args/vendor/torrix/laravel-ui-uikit/src/Providers/UikitServiceProvider.php(15): Torrix\\Presets\\Uikit::install()
#4 [internal function]: Torrix\\Providers\\UikitServiceProvider::Torrix\\Providers\\{closure}()
#5 /var/www/html/vue-component-args/vendor/laravel/ui/src/UiCommand.php(37): call_user_func()
#6 /var/www/html/vue-component-args/vendor/laravel/framework/src/Illuminate/Container/BoundMethod.php(36): Laravel\\Ui\\UiCommand->handle()
#7 /var/www/html/vue-component-args/vendor/laravel/framework/src/Illuminate/Container/Util.php(40): Illuminate\\Container\\BoundMethod::Illuminate\\Container\\{closure}()
#8 /var/www/html/vue-component-args/vendor/laravel/framework/src/Illuminate/Container/BoundMethod.php(93): Illuminate\\Container\\Util::unwrapIfClosure()
#9 /var/www/html/vue-component-args/vendor/laravel/framework/src/Illuminate/Container/BoundMethod.php(37): Illuminate\\Container\\BoundMethod::callBoundMethod()
#10 /var/www/html/vue-component-args/vendor/laravel/framework/src/Illuminate/Container/Container.php(653): Illuminate\\Container\\BoundMethod::call()
#11 /var/www/html/vue-component-args/vendor/laravel/framework/src/Illuminate/Console/Command.php(136): Illuminate\\Container\\Container->call()
#12 /var/www/html/vue-component-args/vendor/symfony/console/Command/Command.php(298): Illuminate\\Console\\Command->execute()
#13 /var/www/html/vue-component-args/vendor/laravel/framework/src/Illuminate/Console/Command.php(121): Symfony\\Component\\Console\\Command\\Command->run()
#14 /var/www/html/vue-component-args/vendor/symfony/console/Application.php(1015): Illuminate\\Console\\Command->run()
#15 /var/www/html/vue-component-args/vendor/symfony/console/Application.php(299): Symfony\\Component\\Console\\Application->doRunCommand()
#16 /var/www/html/vue-component-args/vendor/symfony/console/Application.php(171): Symfony\\Component\\Console\\Application->doRun()
#17 /var/www/html/vue-component-args/vendor/laravel/framework/src/Illuminate/Console/Application.php(94): Symfony\\Component\\Console\\Application->run()
#18 /var/www/html/vue-component-args/vendor/laravel/framework/src/Illuminate/Foundation/Console/Kernel.php(129): Illuminate\\Console\\Application->run()
#19 /var/www/html/vue-component-args/artisan(37): Illuminate\\Foundation\\Console\\Kernel->handle()
#20 {main}
"} 
